app/build/intermediates/manifest_merge_blame_file/debug/manifest-merger-blame-debug-report.txt
1<?xml version="1.0" encoding="utf-8"?>
2<manifest xmlns:android="http://schemas.android.com/apk/res/android"
3    package="com.example.lybrary6"
4    android:versionCode="1"
5    android:versionName="1.0" >
6
7    <uses-sdk
8        android:minSdkVersion="28"
9        android:targetSdkVersion="34" />
10
11    <permission
11-->[androidx.core:core:1.13.0] AndroidManifest.xml:22:5-24:47
12        android:name="com.example.lybrary6.DYNAMIC_RECEIVER_NOT_EXPORTED_PERMISSION"
12-->[androidx.core:core:1.13.0] AndroidManifest.xml:23:9-81
13        android:protectionLevel="signature" />
13-->[androidx.core:core:1.13.0] AndroidManifest.xml:24:9-44
14
15    <uses-permission android:name="com.example.lybrary6.DYNAMIC_RECEIVER_NOT_EXPORTED_PERMISSION" />
15-->[androidx.core:core:1.13.0] AndroidManifest.xml:26:5-97
15-->[androidx.core:core:1.13.0] AndroidManifest.xml:26:22-94
16
17    <application
<<<<<<< HEAD
<<<<<<< HEAD
17-->src\main\AndroidManifest.xml:5:5-59:19
=======
17-->src\main\AndroidManifest.xml:5:5-49:19
>>>>>>> parent of 918fc9c (BASE OF DATA WORKS)
=======
17-->src\main\AndroidManifest.xml:5:5-49:19
>>>>>>> parent of 918fc9c (BASE OF DATA WORKS)
18        android:allowBackup="true"
18-->src\main\AndroidManifest.xml:6:9-35
19        android:appComponentFactory="androidx.core.app.CoreComponentFactory"
19-->[androidx.core:core:1.13.0] AndroidManifest.xml:28:18-86
20        android:dataExtractionRules="@xml/data_extraction_rules"
20-->src\main\AndroidManifest.xml:7:9-65
21        android:debuggable="true"
22        android:extractNativeLibs="false"
23        android:fullBackupContent="@xml/backup_rules"
23-->src\main\AndroidManifest.xml:8:9-54
24        android:icon="@mipmap/ic_launcher"
24-->src\main\AndroidManifest.xml:9:9-43
25        android:label="@string/app_name"
25-->src\main\AndroidManifest.xml:10:9-41
26        android:roundIcon="@mipmap/ic_launcher_round"
26-->src\main\AndroidManifest.xml:11:9-54
27        android:supportsRtl="true"
27-->src\main\AndroidManifest.xml:12:9-35
28        android:theme="@style/Theme.Lybrary6" >
28-->src\main\AndroidManifest.xml:13:9-46
29        <activity
<<<<<<< HEAD
<<<<<<< HEAD
29-->src\main\AndroidManifest.xml:15:9-19:50
30            android:name="com.example.lybrary6.Bokovoe"
30-->src\main\AndroidManifest.xml:16:13-36
31            android:exported="false"
31-->src\main\AndroidManifest.xml:17:13-37
32            android:label="@string/title_activity_bokovoe"
32-->src\main\AndroidManifest.xml:18:13-59
33            android:theme="@style/NoActionBar" />
33-->src\main\AndroidManifest.xml:19:13-47
34        <activity
34-->src\main\AndroidManifest.xml:20:9-24:53
35            android:name="com.example.lybrary6.Db"
35-->src\main\AndroidManifest.xml:21:13-31
36            android:exported="false"
36-->src\main\AndroidManifest.xml:22:13-37
37            android:label="@string/title_activity_db"
37-->src\main\AndroidManifest.xml:23:13-54
38            android:theme="@style/Theme.Lybrary6" />
38-->src\main\AndroidManifest.xml:24:13-50
39        <activity
39-->src\main\AndroidManifest.xml:25:9-27:40
40            android:name="com.example.lybrary6.RecyclerView"
40-->src\main\AndroidManifest.xml:26:13-41
41            android:exported="false" />
41-->src\main\AndroidManifest.xml:27:13-37
42        <activity
42-->src\main\AndroidManifest.xml:28:9-30:40
43            android:name="com.example.lybrary6.MainActivity2"
43-->src\main\AndroidManifest.xml:29:13-42
44            android:exported="false" />
44-->src\main\AndroidManifest.xml:30:13-37
45        <activity
45-->src\main\AndroidManifest.xml:31:9-35:53
46            android:name="com.example.lybrary6.basic_views2"
46-->src\main\AndroidManifest.xml:32:13-41
47            android:exported="false"
47-->src\main\AndroidManifest.xml:33:13-37
48            android:label="@string/title_activity_basic_views2"
48-->src\main\AndroidManifest.xml:34:13-64
49            android:theme="@style/Theme.Lybrary6" />
49-->src\main\AndroidManifest.xml:35:13-50
50        <activity
50-->src\main\AndroidManifest.xml:36:9-40:65
51            android:name="com.example.lybrary6.activity_navigation_drawer_views"
51-->src\main\AndroidManifest.xml:37:13-61
52            android:exported="false"
52-->src\main\AndroidManifest.xml:38:13-37
53            android:label="@string/title_activity_navigation_drawer_views"
53-->src\main\AndroidManifest.xml:39:13-75
54            android:theme="@style/Theme.Lybrary6.NoActionBar" />
54-->src\main\AndroidManifest.xml:40:13-62
55        <activity
55-->src\main\AndroidManifest.xml:41:9-44:78
56            android:name="com.example.lybrary6.activity_bottom_navigation_views"
56-->src\main\AndroidManifest.xml:42:13-61
57            android:exported="false"
57-->src\main\AndroidManifest.xml:43:13-37
58            android:label="@string/title_activity_bottom_navigation_views" />
58-->src\main\AndroidManifest.xml:44:13-75
59        <activity
59-->src\main\AndroidManifest.xml:45:9-49:53
60            android:name="com.example.lybrary6.activity_basic_views_activity"
60-->src\main\AndroidManifest.xml:46:13-58
61            android:exported="false"
61-->src\main\AndroidManifest.xml:47:13-37
62            android:label="@string/title_activity_basic_views"
62-->src\main\AndroidManifest.xml:48:13-63
63            android:theme="@style/Theme.Lybrary6" />
63-->src\main\AndroidManifest.xml:49:13-50
64        <activity
64-->src\main\AndroidManifest.xml:50:9-58:20
65            android:name="com.example.lybrary6.MainActivity"
65-->src\main\AndroidManifest.xml:51:13-41
66            android:exported="true" >
66-->src\main\AndroidManifest.xml:52:13-36
67            <intent-filter>
67-->src\main\AndroidManifest.xml:53:13-57:29
68                <action android:name="android.intent.action.MAIN" />
68-->src\main\AndroidManifest.xml:54:17-69
68-->src\main\AndroidManifest.xml:54:25-66
69
70                <category android:name="android.intent.category.LAUNCHER" />
70-->src\main\AndroidManifest.xml:56:17-77
70-->src\main\AndroidManifest.xml:56:27-74
71            </intent-filter>
72        </activity>
73
74        <service
74-->[androidx.room:room-runtime:2.6.1] AndroidManifest.xml:24:9-28:63
75            android:name="androidx.room.MultiInstanceInvalidationService"
75-->[androidx.room:room-runtime:2.6.1] AndroidManifest.xml:25:13-74
76            android:directBootAware="true"
76-->[androidx.room:room-runtime:2.6.1] AndroidManifest.xml:26:13-43
77            android:exported="false" />
77-->[androidx.room:room-runtime:2.6.1] AndroidManifest.xml:27:13-37
78
79        <provider
79-->[androidx.emoji2:emoji2:1.2.0] AndroidManifest.xml:24:9-32:20
80            android:name="androidx.startup.InitializationProvider"
80-->[androidx.emoji2:emoji2:1.2.0] AndroidManifest.xml:25:13-67
81            android:authorities="com.example.lybrary6.androidx-startup"
81-->[androidx.emoji2:emoji2:1.2.0] AndroidManifest.xml:26:13-68
82            android:exported="false" >
82-->[androidx.emoji2:emoji2:1.2.0] AndroidManifest.xml:27:13-37
83            <meta-data
83-->[androidx.emoji2:emoji2:1.2.0] AndroidManifest.xml:29:13-31:52
84                android:name="androidx.emoji2.text.EmojiCompatInitializer"
84-->[androidx.emoji2:emoji2:1.2.0] AndroidManifest.xml:30:17-75
85                android:value="androidx.startup" />
85-->[androidx.emoji2:emoji2:1.2.0] AndroidManifest.xml:31:17-49
86            <meta-data
86-->[androidx.lifecycle:lifecycle-process:2.7.0] AndroidManifest.xml:29:13-31:52
87                android:name="androidx.lifecycle.ProcessLifecycleInitializer"
87-->[androidx.lifecycle:lifecycle-process:2.7.0] AndroidManifest.xml:30:17-78
88                android:value="androidx.startup" />
88-->[androidx.lifecycle:lifecycle-process:2.7.0] AndroidManifest.xml:31:17-49
89            <meta-data
89-->[androidx.profileinstaller:profileinstaller:1.3.0] AndroidManifest.xml:29:13-31:52
90                android:name="androidx.profileinstaller.ProfileInstallerInitializer"
90-->[androidx.profileinstaller:profileinstaller:1.3.0] AndroidManifest.xml:30:17-85
91                android:value="androidx.startup" />
91-->[androidx.profileinstaller:profileinstaller:1.3.0] AndroidManifest.xml:31:17-49
92        </provider>
93
94        <uses-library
94-->[androidx.window:window:1.0.0] AndroidManifest.xml:25:9-27:40
95            android:name="androidx.window.extensions"
95-->[androidx.window:window:1.0.0] AndroidManifest.xml:26:13-54
96            android:required="false" />
96-->[androidx.window:window:1.0.0] AndroidManifest.xml:27:13-37
97        <uses-library
97-->[androidx.window:window:1.0.0] AndroidManifest.xml:28:9-30:40
98            android:name="androidx.window.sidecar"
98-->[androidx.window:window:1.0.0] AndroidManifest.xml:29:13-51
99            android:required="false" />
99-->[androidx.window:window:1.0.0] AndroidManifest.xml:30:13-37
100
101        <receiver
101-->[androidx.profileinstaller:profileinstaller:1.3.0] AndroidManifest.xml:34:9-52:20
102            android:name="androidx.profileinstaller.ProfileInstallReceiver"
102-->[androidx.profileinstaller:profileinstaller:1.3.0] AndroidManifest.xml:35:13-76
103            android:directBootAware="false"
103-->[androidx.profileinstaller:profileinstaller:1.3.0] AndroidManifest.xml:36:13-44
104            android:enabled="true"
104-->[androidx.profileinstaller:profileinstaller:1.3.0] AndroidManifest.xml:37:13-35
105            android:exported="true"
105-->[androidx.profileinstaller:profileinstaller:1.3.0] AndroidManifest.xml:38:13-36
106            android:permission="android.permission.DUMP" >
106-->[androidx.profileinstaller:profileinstaller:1.3.0] AndroidManifest.xml:39:13-57
107            <intent-filter>
107-->[androidx.profileinstaller:profileinstaller:1.3.0] AndroidManifest.xml:40:13-42:29
108                <action android:name="androidx.profileinstaller.action.INSTALL_PROFILE" />
108-->[androidx.profileinstaller:profileinstaller:1.3.0] AndroidManifest.xml:41:17-91
108-->[androidx.profileinstaller:profileinstaller:1.3.0] AndroidManifest.xml:41:25-88
109            </intent-filter>
110            <intent-filter>
110-->[androidx.profileinstaller:profileinstaller:1.3.0] AndroidManifest.xml:43:13-45:29
111                <action android:name="androidx.profileinstaller.action.SKIP_FILE" />
111-->[androidx.profileinstaller:profileinstaller:1.3.0] AndroidManifest.xml:44:17-85
111-->[androidx.profileinstaller:profileinstaller:1.3.0] AndroidManifest.xml:44:25-82
112            </intent-filter>
113            <intent-filter>
113-->[androidx.profileinstaller:profileinstaller:1.3.0] AndroidManifest.xml:46:13-48:29
114                <action android:name="androidx.profileinstaller.action.SAVE_PROFILE" />
114-->[androidx.profileinstaller:profileinstaller:1.3.0] AndroidManifest.xml:47:17-88
114-->[androidx.profileinstaller:profileinstaller:1.3.0] AndroidManifest.xml:47:25-85
115            </intent-filter>
116            <intent-filter>
116-->[androidx.profileinstaller:profileinstaller:1.3.0] AndroidManifest.xml:49:13-51:29
117                <action android:name="androidx.profileinstaller.action.BENCHMARK_OPERATION" />
117-->[androidx.profileinstaller:profileinstaller:1.3.0] AndroidManifest.xml:50:17-95
117-->[androidx.profileinstaller:profileinstaller:1.3.0] AndroidManifest.xml:50:25-92
118            </intent-filter>
119        </receiver>
120    </application>
121
122</manifest>
=======
=======
>>>>>>> parent of 918fc9c (BASE OF DATA WORKS)
29-->src\main\AndroidManifest.xml:15:9-17:40
30            android:name="com.example.lybrary6.RecyclerView"
30-->src\main\AndroidManifest.xml:16:13-41
31            android:exported="false" />
31-->src\main\AndroidManifest.xml:17:13-37
32        <activity
32-->src\main\AndroidManifest.xml:18:9-20:40
33            android:name="com.example.lybrary6.MainActivity2"
33-->src\main\AndroidManifest.xml:19:13-42
34            android:exported="false" />
34-->src\main\AndroidManifest.xml:20:13-37
35        <activity
35-->src\main\AndroidManifest.xml:21:9-25:53
36            android:name="com.example.lybrary6.basic_views2"
36-->src\main\AndroidManifest.xml:22:13-41
37            android:exported="false"
37-->src\main\AndroidManifest.xml:23:13-37
38            android:label="@string/title_activity_basic_views2"
38-->src\main\AndroidManifest.xml:24:13-64
39            android:theme="@style/Theme.Lybrary6" />
39-->src\main\AndroidManifest.xml:25:13-50
40        <activity
40-->src\main\AndroidManifest.xml:26:9-30:65
41            android:name="com.example.lybrary6.activity_navigation_drawer_views"
41-->src\main\AndroidManifest.xml:27:13-61
42            android:exported="false"
42-->src\main\AndroidManifest.xml:28:13-37
43            android:label="@string/title_activity_navigation_drawer_views"
43-->src\main\AndroidManifest.xml:29:13-75
44            android:theme="@style/Theme.Lybrary6.NoActionBar" />
44-->src\main\AndroidManifest.xml:30:13-62
45        <activity
45-->src\main\AndroidManifest.xml:31:9-34:78
46            android:name="com.example.lybrary6.activity_bottom_navigation_views"
46-->src\main\AndroidManifest.xml:32:13-61
47            android:exported="false"
47-->src\main\AndroidManifest.xml:33:13-37
48            android:label="@string/title_activity_bottom_navigation_views" />
48-->src\main\AndroidManifest.xml:34:13-75
49        <activity
49-->src\main\AndroidManifest.xml:35:9-39:53
50            android:name="com.example.lybrary6.activity_basic_views_activity"
50-->src\main\AndroidManifest.xml:36:13-58
51            android:exported="false"
51-->src\main\AndroidManifest.xml:37:13-37
52            android:label="@string/title_activity_basic_views"
52-->src\main\AndroidManifest.xml:38:13-63
53            android:theme="@style/Theme.Lybrary6" />
53-->src\main\AndroidManifest.xml:39:13-50
54        <activity
54-->src\main\AndroidManifest.xml:40:9-48:20
55            android:name="com.example.lybrary6.MainActivity"
55-->src\main\AndroidManifest.xml:41:13-41
56            android:exported="true" >
56-->src\main\AndroidManifest.xml:42:13-36
57            <intent-filter>
57-->src\main\AndroidManifest.xml:43:13-47:29
58                <action android:name="android.intent.action.MAIN" />
58-->src\main\AndroidManifest.xml:44:17-69
58-->src\main\AndroidManifest.xml:44:25-66
59
60                <category android:name="android.intent.category.LAUNCHER" />
60-->src\main\AndroidManifest.xml:46:17-77
60-->src\main\AndroidManifest.xml:46:27-74
61            </intent-filter>
62        </activity>
63
64        <service
64-->[androidx.room:room-runtime:2.6.1] AndroidManifest.xml:24:9-28:63
65            android:name="androidx.room.MultiInstanceInvalidationService"
65-->[androidx.room:room-runtime:2.6.1] AndroidManifest.xml:25:13-74
66            android:directBootAware="true"
66-->[androidx.room:room-runtime:2.6.1] AndroidManifest.xml:26:13-43
67            android:exported="false" />
67-->[androidx.room:room-runtime:2.6.1] AndroidManifest.xml:27:13-37
68
69        <provider
69-->[androidx.emoji2:emoji2:1.2.0] AndroidManifest.xml:24:9-32:20
70            android:name="androidx.startup.InitializationProvider"
70-->[androidx.emoji2:emoji2:1.2.0] AndroidManifest.xml:25:13-67
71            android:authorities="com.example.lybrary6.androidx-startup"
71-->[androidx.emoji2:emoji2:1.2.0] AndroidManifest.xml:26:13-68
72            android:exported="false" >
72-->[androidx.emoji2:emoji2:1.2.0] AndroidManifest.xml:27:13-37
73            <meta-data
73-->[androidx.emoji2:emoji2:1.2.0] AndroidManifest.xml:29:13-31:52
74                android:name="androidx.emoji2.text.EmojiCompatInitializer"
74-->[androidx.emoji2:emoji2:1.2.0] AndroidManifest.xml:30:17-75
75                android:value="androidx.startup" />
75-->[androidx.emoji2:emoji2:1.2.0] AndroidManifest.xml:31:17-49
76            <meta-data
76-->[androidx.lifecycle:lifecycle-process:2.7.0] AndroidManifest.xml:29:13-31:52
77                android:name="androidx.lifecycle.ProcessLifecycleInitializer"
77-->[androidx.lifecycle:lifecycle-process:2.7.0] AndroidManifest.xml:30:17-78
78                android:value="androidx.startup" />
78-->[androidx.lifecycle:lifecycle-process:2.7.0] AndroidManifest.xml:31:17-49
79            <meta-data
79-->[androidx.profileinstaller:profileinstaller:1.3.0] AndroidManifest.xml:29:13-31:52
80                android:name="androidx.profileinstaller.ProfileInstallerInitializer"
80-->[androidx.profileinstaller:profileinstaller:1.3.0] AndroidManifest.xml:30:17-85
81                android:value="androidx.startup" />
81-->[androidx.profileinstaller:profileinstaller:1.3.0] AndroidManifest.xml:31:17-49
82        </provider>
83
84        <uses-library
84-->[androidx.window:window:1.0.0] AndroidManifest.xml:25:9-27:40
85            android:name="androidx.window.extensions"
85-->[androidx.window:window:1.0.0] AndroidManifest.xml:26:13-54
86            android:required="false" />
86-->[androidx.window:window:1.0.0] AndroidManifest.xml:27:13-37
87        <uses-library
87-->[androidx.window:window:1.0.0] AndroidManifest.xml:28:9-30:40
88            android:name="androidx.window.sidecar"
88-->[androidx.window:window:1.0.0] AndroidManifest.xml:29:13-51
89            android:required="false" />
89-->[androidx.window:window:1.0.0] AndroidManifest.xml:30:13-37
90
91        <receiver
91-->[androidx.profileinstaller:profileinstaller:1.3.0] AndroidManifest.xml:34:9-52:20
92            android:name="androidx.profileinstaller.ProfileInstallReceiver"
92-->[androidx.profileinstaller:profileinstaller:1.3.0] AndroidManifest.xml:35:13-76
93            android:directBootAware="false"
93-->[androidx.profileinstaller:profileinstaller:1.3.0] AndroidManifest.xml:36:13-44
94            android:enabled="true"
94-->[androidx.profileinstaller:profileinstaller:1.3.0] AndroidManifest.xml:37:13-35
95            android:exported="true"
95-->[androidx.profileinstaller:profileinstaller:1.3.0] AndroidManifest.xml:38:13-36
96            android:permission="android.permission.DUMP" >
96-->[androidx.profileinstaller:profileinstaller:1.3.0] AndroidManifest.xml:39:13-57
97            <intent-filter>
97-->[androidx.profileinstaller:profileinstaller:1.3.0] AndroidManifest.xml:40:13-42:29
98                <action android:name="androidx.profileinstaller.action.INSTALL_PROFILE" />
98-->[androidx.profileinstaller:profileinstaller:1.3.0] AndroidManifest.xml:41:17-91
98-->[androidx.profileinstaller:profileinstaller:1.3.0] AndroidManifest.xml:41:25-88
99            </intent-filter>
100            <intent-filter>
100-->[androidx.profileinstaller:profileinstaller:1.3.0] AndroidManifest.xml:43:13-45:29
101                <action android:name="androidx.profileinstaller.action.SKIP_FILE" />
101-->[androidx.profileinstaller:profileinstaller:1.3.0] AndroidManifest.xml:44:17-85
101-->[androidx.profileinstaller:profileinstaller:1.3.0] AndroidManifest.xml:44:25-82
102            </intent-filter>
103            <intent-filter>
103-->[androidx.profileinstaller:profileinstaller:1.3.0] AndroidManifest.xml:46:13-48:29
104                <action android:name="androidx.profileinstaller.action.SAVE_PROFILE" />
104-->[androidx.profileinstaller:profileinstaller:1.3.0] AndroidManifest.xml:47:17-88
104-->[androidx.profileinstaller:profileinstaller:1.3.0] AndroidManifest.xml:47:25-85
105            </intent-filter>
106            <intent-filter>
106-->[androidx.profileinstaller:profileinstaller:1.3.0] AndroidManifest.xml:49:13-51:29
107                <action android:name="androidx.profileinstaller.action.BENCHMARK_OPERATION" />
107-->[androidx.profileinstaller:profileinstaller:1.3.0] AndroidManifest.xml:50:17-95
107-->[androidx.profileinstaller:profileinstaller:1.3.0] AndroidManifest.xml:50:25-92
108            </intent-filter>
109        </receiver>
110    </application>
111
112</manifest>
<<<<<<< HEAD
>>>>>>> parent of 918fc9c (BASE OF DATA WORKS)
=======
>>>>>>> parent of 918fc9c (BASE OF DATA WORKS)